<?xml version="1.0" encoding="UTF-8"?>
<!-- Generated by org.testng.reporters.JUnitXMLReporter -->
<testsuite hostname="Anju" ignored="3" name="Default test" tests="8" failures="0" timestamp="2021-10-04T19:27:47 IST" time="239.216" errors="0">
  <testcase name="TC_04_reset_password" time="80.197" classname="PG.Runner"/>
  <testcase name="TC_05_reset_password_invalid_email" time="31.52" classname="PG.Runner"/>
  <testcase name="TC_06_reset_password_invalid_OTP" time="18.21" classname="PG.Runner"/>
  <testcase name="TC_07_empty_email" time="7.195" classname="PG.Runner"/>
  <testcase name="TC_08_signUP" time="43.515" classname="PG.Runner"/>
  <testcase name="TC_09_invalid_email" time="7.035" classname="PG.Runner"/>
  <testcase name="TC_10_wrongOTP" time="26.642" classname="PG.Runner"/>
  <testcase name="TC_11_withoutOTP" time="9.651" classname="PG.Runner"/>
  <testcase name="TC_02_LoginWithPWD" time="0.0" classname="PG.Runner">
    <ignored/>
  </testcase> <!-- TC_02_LoginWithPWD -->
  <testcase name="TC_01_LoginWithOTP" time="0.0" classname="PG.Runner">
    <ignored/>
  </testcase> <!-- TC_01_LoginWithOTP -->
  <testcase name="TC_03_LoginWithWrongOTP" time="0.0" classname="PG.Runner">
    <ignored/>
  </testcase> <!-- TC_03_LoginWithWrongOTP -->
</testsuite> <!-- Default test -->
